<?xml version="1.0" encoding="UTF-8"?>
<!-- Generated by org.testng.reporters.JUnitXMLReporter -->
<testsuite hostname="Rishis-MacBook-Pro.local" ignored="6" name="Default test" tests="1" failures="0" timestamp="2021-09-16T16:16:20 IST" time="11.0" errors="0">
  <testcase name="capturePerformance" time="10.969" classname="smoketests.DevToolsTests"/>
  <testcase name="handleSSL" time="0.0" classname="smoketests.DevToolsTests">
    <ignored/>
  </testcase> <!-- handleSSL -->
  <testcase name="simlateDevice" time="0.0" classname="smoketests.DevToolsTests">
    <ignored/>
  </testcase> <!-- simlateDevice -->
  <testcase name="captureHttpRequest" time="0.0" classname="smoketests.DevToolsTests">
    <ignored/>
  </testcase> <!-- captureHttpRequest -->
  <testcase name="networkSpeedTest" time="0.0" classname="smoketests.DevToolsTests">
    <ignored/>
  </testcase> <!-- networkSpeedTest -->
  <testcase name="logTest" time="0.0" classname="smoketests.DevToolsTests">
    <ignored/>
  </testcase> <!-- logTest -->
  <testcase name="geoLocationTest" time="0.0" classname="smoketests.DevToolsTests">
    <ignored/>
  </testcase> <!-- geoLocationTest -->
</testsuite> <!-- Default test -->
