<?xml version="1.0" encoding="UTF-8"?>
<!-- Generated by org.testng.reporters.JUnitXMLReporter -->
<testsuite hostname="Rishis-MacBook-Pro.local" ignored="2" name="Test" tests="4" failures="4" timestamp="2021-08-16T12:36:56 IST" time="165.22" errors="0">
  <testcase name="forgotPasswordTest" time="71.086" classname="smoketests.LoginTests">
    <failure type="org.openqa.selenium.SessionNotCreatedException" message="Could not start a new session. Response code 500. Message: Could not start a new session. Could not start a new session. Could not start a new session. Error while creating session with the driver service. Stopping driver service: Could not start a new session. Response code 500. Message: Connection refused (os error 111)
Build info: version: &amp;apos;4.0.0-rc-1&amp;apos;, revision: &amp;apos;74745cf081&amp;apos;
System info: host: &amp;apos;ec40e3f1d9f1&amp;apos;, ip: &amp;apos;172.21.0.7&amp;apos;, os.name: &amp;apos;Linux&amp;apos;, os.arch: &amp;apos;amd64&amp;apos;, os.version: &amp;apos;5.10.25-linuxkit&amp;apos;, java.version: &amp;apos;11.0.11&amp;apos;
Driver info: driver.version: unknown
Build info: version: &amp;apos;4.0.0-rc-1&amp;apos;, revision: &amp;apos;74745cf081&amp;apos;
System info: host: &amp;apos;ec40e3f1d9f1&amp;apos;, ip: &amp;apos;172.21.0.7&amp;apos;, os.name: &amp;apos;Linux&amp;apos;, os.arch: &amp;apos;amd64&amp;apos;, os.version: &amp;apos;5.10.25-linuxkit&amp;apos;, java.version: &amp;apos;11.0.11&amp;apos;
Driver info: driver.version: unknown
Build info: version: &amp;apos;4.0.0-rc-1&amp;apos;, revision: &amp;apos;74745cf081&amp;apos;
System info: host: &amp;apos;4a607c261036&amp;apos;, ip: &amp;apos;172.21.0.4&amp;apos;, os.name: &amp;apos;Linux&amp;apos;, os.arch: &amp;apos;amd64&amp;apos;, os.version: &amp;apos;5.10.25-linuxkit&amp;apos;, java.version: &amp;apos;11.0.11&amp;apos;
Driver info: driver.version: unknown
Build info: version: &amp;apos;4.0.0-beta-4&amp;apos;, revision: &amp;apos;29f46d02dd&amp;apos;
System info: host: &amp;apos;Rishis-MacBook-Pro.local&amp;apos;, ip: &amp;apos;2405:204:100d:1821:98f3:584f:2bf5:4479%en0&amp;apos;, os.name: &amp;apos;Mac OS X&amp;apos;, os.arch: &amp;apos;x86_64&amp;apos;, os.version: &amp;apos;10.14.6&amp;apos;, java.version: &amp;apos;1.8.0_221&amp;apos;
Driver info: org.openqa.selenium.remote.RemoteWebDriver
Command: [null, newSession {capabilities=[Capabilities {browserName: firefox}], desiredCapabilities=Capabilities {browserName: firefox}}]
Capabilities {}">
      <![CDATA[org.openqa.selenium.SessionNotCreatedException: Could not start a new session. Response code 500. Message: Could not start a new session. Could not start a new session. Could not start a new session. Error while creating session with the driver service. Stopping driver service: Could not start a new session. Response code 500. Message: Connection refused (os error 111)
Build info: version: '4.0.0-rc-1', revision: '74745cf081'
System info: host: 'ec40e3f1d9f1', ip: '172.21.0.7', os.name: 'Linux', os.arch: 'amd64', os.version: '5.10.25-linuxkit', java.version: '11.0.11'
Driver info: driver.version: unknown
Build info: version: '4.0.0-rc-1', revision: '74745cf081'
System info: host: 'ec40e3f1d9f1', ip: '172.21.0.7', os.name: 'Linux', os.arch: 'amd64', os.version: '5.10.25-linuxkit', java.version: '11.0.11'
Driver info: driver.version: unknown
Build info: version: '4.0.0-rc-1', revision: '74745cf081'
System info: host: '4a607c261036', ip: '172.21.0.4', os.name: 'Linux', os.arch: 'amd64', os.version: '5.10.25-linuxkit', java.version: '11.0.11'
Driver info: driver.version: unknown
Build info: version: '4.0.0-beta-4', revision: '29f46d02dd'
System info: host: 'Rishis-MacBook-Pro.local', ip: '2405:204:100d:1821:98f3:584f:2bf5:4479%en0', os.name: 'Mac OS X', os.arch: 'x86_64', os.version: '10.14.6', java.version: '1.8.0_221'
Driver info: org.openqa.selenium.remote.RemoteWebDriver
Command: [null, newSession {capabilities=[Capabilities {browserName: firefox}], desiredCapabilities=Capabilities {browserName: firefox}}]
Capabilities {}
at org.openqa.selenium.remote.ProtocolHandshake.createSession(ProtocolHandshake.java:126)
at org.openqa.selenium.remote.ProtocolHandshake.createSession(ProtocolHandshake.java:84)
at org.openqa.selenium.remote.ProtocolHandshake.createSession(ProtocolHandshake.java:62)
at org.openqa.selenium.remote.HttpCommandExecutor.execute(HttpCommandExecutor.java:156)
at org.openqa.selenium.remote.TracedCommandExecutor.execute(TracedCommandExecutor.java:39)
at org.openqa.selenium.remote.RemoteWebDriver.execute(RemoteWebDriver.java:612)
at org.openqa.selenium.remote.RemoteWebDriver.startSession(RemoteWebDriver.java:244)
at org.openqa.selenium.remote.RemoteWebDriver.<init>(RemoteWebDriver.java:165)
at org.openqa.selenium.remote.RemoteWebDriver.<init>(RemoteWebDriver.java:143)
at driver.DriverManager.getStandaloneHubNodeServerDriver(DriverManager.java:88)
at driver.DriverManager.setDriver(DriverManager.java:124)
at driver.DriverManager.getDriver(DriverManager.java:98)
at smoketests.LoginTests.forgotPasswordTest(LoginTests.java:24)
at java.util.concurrent.FutureTask.run(FutureTask.java:266)
at java.util.concurrent.Executors$RunnableAdapter.call(Executors.java:511)
at java.util.concurrent.FutureTask.run(FutureTask.java:266)
at java.util.concurrent.ThreadPoolExecutor.runWorker(ThreadPoolExecutor.java:1149)
at java.util.concurrent.ThreadPoolExecutor$Worker.run(ThreadPoolExecutor.java:624)
at java.lang.Thread.run(Thread.java:748)
... Removed 9 stack frames]]>
    </failure>
  </testcase> <!-- forgotPasswordTest -->
  <testcase name="makePurchase" time="164.062" classname="smoketests.PurchaseTests">
    <failure type="org.openqa.selenium.SessionNotCreatedException" message="Could not start a new session. Response code 500. Message: Could not start a new session. Could not start a new session. Could not start a new session. Error while creating session with the driver service. Stopping driver service: Could not start a new session. Response code 500. Message: Connection refused (os error 111)
Build info: version: &amp;apos;4.0.0-rc-1&amp;apos;, revision: &amp;apos;74745cf081&amp;apos;
System info: host: &amp;apos;ec40e3f1d9f1&amp;apos;, ip: &amp;apos;172.21.0.7&amp;apos;, os.name: &amp;apos;Linux&amp;apos;, os.arch: &amp;apos;amd64&amp;apos;, os.version: &amp;apos;5.10.25-linuxkit&amp;apos;, java.version: &amp;apos;11.0.11&amp;apos;
Driver info: driver.version: unknown
Build info: version: &amp;apos;4.0.0-rc-1&amp;apos;, revision: &amp;apos;74745cf081&amp;apos;
System info: host: &amp;apos;ec40e3f1d9f1&amp;apos;, ip: &amp;apos;172.21.0.7&amp;apos;, os.name: &amp;apos;Linux&amp;apos;, os.arch: &amp;apos;amd64&amp;apos;, os.version: &amp;apos;5.10.25-linuxkit&amp;apos;, java.version: &amp;apos;11.0.11&amp;apos;
Driver info: driver.version: unknown
Build info: version: &amp;apos;4.0.0-rc-1&amp;apos;, revision: &amp;apos;74745cf081&amp;apos;
System info: host: &amp;apos;4a607c261036&amp;apos;, ip: &amp;apos;172.21.0.4&amp;apos;, os.name: &amp;apos;Linux&amp;apos;, os.arch: &amp;apos;amd64&amp;apos;, os.version: &amp;apos;5.10.25-linuxkit&amp;apos;, java.version: &amp;apos;11.0.11&amp;apos;
Driver info: driver.version: unknown
Build info: version: &amp;apos;4.0.0-beta-4&amp;apos;, revision: &amp;apos;29f46d02dd&amp;apos;
System info: host: &amp;apos;Rishis-MacBook-Pro.local&amp;apos;, ip: &amp;apos;2405:204:100d:1821:98f3:584f:2bf5:4479%en0&amp;apos;, os.name: &amp;apos;Mac OS X&amp;apos;, os.arch: &amp;apos;x86_64&amp;apos;, os.version: &amp;apos;10.14.6&amp;apos;, java.version: &amp;apos;1.8.0_221&amp;apos;
Driver info: org.openqa.selenium.remote.RemoteWebDriver
Command: [null, newSession {capabilities=[Capabilities {browserName: firefox}], desiredCapabilities=Capabilities {browserName: firefox}}]
Capabilities {}">
      <![CDATA[org.openqa.selenium.SessionNotCreatedException: Could not start a new session. Response code 500. Message: Could not start a new session. Could not start a new session. Could not start a new session. Error while creating session with the driver service. Stopping driver service: Could not start a new session. Response code 500. Message: Connection refused (os error 111)
Build info: version: '4.0.0-rc-1', revision: '74745cf081'
System info: host: 'ec40e3f1d9f1', ip: '172.21.0.7', os.name: 'Linux', os.arch: 'amd64', os.version: '5.10.25-linuxkit', java.version: '11.0.11'
Driver info: driver.version: unknown
Build info: version: '4.0.0-rc-1', revision: '74745cf081'
System info: host: 'ec40e3f1d9f1', ip: '172.21.0.7', os.name: 'Linux', os.arch: 'amd64', os.version: '5.10.25-linuxkit', java.version: '11.0.11'
Driver info: driver.version: unknown
Build info: version: '4.0.0-rc-1', revision: '74745cf081'
System info: host: '4a607c261036', ip: '172.21.0.4', os.name: 'Linux', os.arch: 'amd64', os.version: '5.10.25-linuxkit', java.version: '11.0.11'
Driver info: driver.version: unknown
Build info: version: '4.0.0-beta-4', revision: '29f46d02dd'
System info: host: 'Rishis-MacBook-Pro.local', ip: '2405:204:100d:1821:98f3:584f:2bf5:4479%en0', os.name: 'Mac OS X', os.arch: 'x86_64', os.version: '10.14.6', java.version: '1.8.0_221'
Driver info: org.openqa.selenium.remote.RemoteWebDriver
Command: [null, newSession {capabilities=[Capabilities {browserName: firefox}], desiredCapabilities=Capabilities {browserName: firefox}}]
Capabilities {}
at org.openqa.selenium.remote.ProtocolHandshake.createSession(ProtocolHandshake.java:126)
at org.openqa.selenium.remote.ProtocolHandshake.createSession(ProtocolHandshake.java:84)
at org.openqa.selenium.remote.ProtocolHandshake.createSession(ProtocolHandshake.java:62)
at org.openqa.selenium.remote.HttpCommandExecutor.execute(HttpCommandExecutor.java:156)
at org.openqa.selenium.remote.TracedCommandExecutor.execute(TracedCommandExecutor.java:39)
at org.openqa.selenium.remote.RemoteWebDriver.execute(RemoteWebDriver.java:612)
at org.openqa.selenium.remote.RemoteWebDriver.startSession(RemoteWebDriver.java:244)
at org.openqa.selenium.remote.RemoteWebDriver.<init>(RemoteWebDriver.java:165)
at org.openqa.selenium.remote.RemoteWebDriver.<init>(RemoteWebDriver.java:143)
at driver.DriverManager.getStandaloneHubNodeServerDriver(DriverManager.java:88)
at driver.DriverManager.setDriver(DriverManager.java:124)
at driver.DriverManager.getDriver(DriverManager.java:98)
at smoketests.PurchaseTests.makePurchase(PurchaseTests.java:13)
at java.util.concurrent.FutureTask.run(FutureTask.java:266)
at java.util.concurrent.Executors$RunnableAdapter.call(Executors.java:511)
at java.util.concurrent.FutureTask.run(FutureTask.java:266)
at java.util.concurrent.ThreadPoolExecutor.runWorker(ThreadPoolExecutor.java:1149)
at java.util.concurrent.ThreadPoolExecutor$Worker.run(ThreadPoolExecutor.java:624)
at java.lang.Thread.run(Thread.java:748)
... Removed 9 stack frames]]>
    </failure>
  </testcase> <!-- makePurchase -->
  <testcase name="makePurchase" time="164.612" classname="smoketests.PurchaseTests">
    <failure type="org.openqa.selenium.SessionNotCreatedException" message="Could not start a new session. Response code 500. Message: Could not start a new session. Could not start a new session. Could not start a new session. Error while creating session with the driver service. Stopping driver service: Could not start a new session. Response code 500. Message: session not created
from chrome not reachable
  (Session info: chrome=91.0.4472.114)
Build info: version: &amp;apos;4.0.0-rc-1&amp;apos;, revision: &amp;apos;74745cf081&amp;apos;
System info: host: &amp;apos;07d1739dd278&amp;apos;, ip: &amp;apos;172.21.0.6&amp;apos;, os.name: &amp;apos;Linux&amp;apos;, os.arch: &amp;apos;amd64&amp;apos;, os.version: &amp;apos;5.10.25-linuxkit&amp;apos;, java.version: &amp;apos;11.0.11&amp;apos;
Driver info: driver.version: unknown
Build info: version: &amp;apos;4.0.0-rc-1&amp;apos;, revision: &amp;apos;74745cf081&amp;apos;
System info: host: &amp;apos;07d1739dd278&amp;apos;, ip: &amp;apos;172.21.0.6&amp;apos;, os.name: &amp;apos;Linux&amp;apos;, os.arch: &amp;apos;amd64&amp;apos;, os.version: &amp;apos;5.10.25-linuxkit&amp;apos;, java.version: &amp;apos;11.0.11&amp;apos;
Driver info: driver.version: unknown
Build info: version: &amp;apos;4.0.0-rc-1&amp;apos;, revision: &amp;apos;74745cf081&amp;apos;
System info: host: &amp;apos;4a607c261036&amp;apos;, ip: &amp;apos;172.21.0.4&amp;apos;, os.name: &amp;apos;Linux&amp;apos;, os.arch: &amp;apos;amd64&amp;apos;, os.version: &amp;apos;5.10.25-linuxkit&amp;apos;, java.version: &amp;apos;11.0.11&amp;apos;
Driver info: driver.version: unknown
Build info: version: &amp;apos;4.0.0-beta-4&amp;apos;, revision: &amp;apos;29f46d02dd&amp;apos;
System info: host: &amp;apos;Rishis-MacBook-Pro.local&amp;apos;, ip: &amp;apos;2405:204:100d:1821:98f3:584f:2bf5:4479%en0&amp;apos;, os.name: &amp;apos;Mac OS X&amp;apos;, os.arch: &amp;apos;x86_64&amp;apos;, os.version: &amp;apos;10.14.6&amp;apos;, java.version: &amp;apos;1.8.0_221&amp;apos;
Driver info: org.openqa.selenium.remote.RemoteWebDriver
Command: [null, newSession {capabilities=[Capabilities {browserName: chrome}], desiredCapabilities=Capabilities {browserName: chrome}}]
Capabilities {}">
      <![CDATA[org.openqa.selenium.SessionNotCreatedException: Could not start a new session. Response code 500. Message: Could not start a new session. Could not start a new session. Could not start a new session. Error while creating session with the driver service. Stopping driver service: Could not start a new session. Response code 500. Message: session not created
from chrome not reachable
  (Session info: chrome=91.0.4472.114)
Build info: version: '4.0.0-rc-1', revision: '74745cf081'
System info: host: '07d1739dd278', ip: '172.21.0.6', os.name: 'Linux', os.arch: 'amd64', os.version: '5.10.25-linuxkit', java.version: '11.0.11'
Driver info: driver.version: unknown
Build info: version: '4.0.0-rc-1', revision: '74745cf081'
System info: host: '07d1739dd278', ip: '172.21.0.6', os.name: 'Linux', os.arch: 'amd64', os.version: '5.10.25-linuxkit', java.version: '11.0.11'
Driver info: driver.version: unknown
Build info: version: '4.0.0-rc-1', revision: '74745cf081'
System info: host: '4a607c261036', ip: '172.21.0.4', os.name: 'Linux', os.arch: 'amd64', os.version: '5.10.25-linuxkit', java.version: '11.0.11'
Driver info: driver.version: unknown
Build info: version: '4.0.0-beta-4', revision: '29f46d02dd'
System info: host: 'Rishis-MacBook-Pro.local', ip: '2405:204:100d:1821:98f3:584f:2bf5:4479%en0', os.name: 'Mac OS X', os.arch: 'x86_64', os.version: '10.14.6', java.version: '1.8.0_221'
Driver info: org.openqa.selenium.remote.RemoteWebDriver
Command: [null, newSession {capabilities=[Capabilities {browserName: chrome}], desiredCapabilities=Capabilities {browserName: chrome}}]
Capabilities {}
at org.openqa.selenium.remote.ProtocolHandshake.createSession(ProtocolHandshake.java:126)
at org.openqa.selenium.remote.ProtocolHandshake.createSession(ProtocolHandshake.java:84)
at org.openqa.selenium.remote.ProtocolHandshake.createSession(ProtocolHandshake.java:62)
at org.openqa.selenium.remote.HttpCommandExecutor.execute(HttpCommandExecutor.java:156)
at org.openqa.selenium.remote.TracedCommandExecutor.execute(TracedCommandExecutor.java:39)
at org.openqa.selenium.remote.RemoteWebDriver.execute(RemoteWebDriver.java:612)
at org.openqa.selenium.remote.RemoteWebDriver.startSession(RemoteWebDriver.java:244)
at org.openqa.selenium.remote.RemoteWebDriver.<init>(RemoteWebDriver.java:165)
at org.openqa.selenium.remote.RemoteWebDriver.<init>(RemoteWebDriver.java:143)
at driver.DriverManager.getStandaloneHubNodeServerDriver(DriverManager.java:88)
at driver.DriverManager.setDriver(DriverManager.java:124)
at driver.DriverManager.getDriver(DriverManager.java:98)
at smoketests.PurchaseTests.makePurchase(PurchaseTests.java:13)
at java.util.concurrent.FutureTask.run(FutureTask.java:266)
at java.util.concurrent.Executors$RunnableAdapter.call(Executors.java:511)
at java.util.concurrent.FutureTask.run(FutureTask.java:266)
at java.util.concurrent.ThreadPoolExecutor.runWorker(ThreadPoolExecutor.java:1149)
at java.util.concurrent.ThreadPoolExecutor$Worker.run(ThreadPoolExecutor.java:624)
at java.lang.Thread.run(Thread.java:748)
... Removed 9 stack frames]]>
    </failure>
  </testcase> <!-- makePurchase -->
  <testcase name="forgotPasswordTest" time="165.184" classname="smoketests.LoginTests">
    <failure type="org.openqa.selenium.SessionNotCreatedException" message="Could not start a new session. Possible causes are invalid address of the remote server or browser start-up failure.
Build info: version: &amp;apos;4.0.0-beta-4&amp;apos;, revision: &amp;apos;29f46d02dd&amp;apos;
System info: host: &amp;apos;Rishis-MacBook-Pro.local&amp;apos;, ip: &amp;apos;2405:204:100d:1821:98f3:584f:2bf5:4479%en0&amp;apos;, os.name: &amp;apos;Mac OS X&amp;apos;, os.arch: &amp;apos;x86_64&amp;apos;, os.version: &amp;apos;10.14.6&amp;apos;, java.version: &amp;apos;1.8.0_221&amp;apos;
Driver info: org.openqa.selenium.remote.RemoteWebDriver
Command: [null, newSession {capabilities=[Capabilities {browserName: chrome}], desiredCapabilities=Capabilities {browserName: chrome}}]
Capabilities {}">
      <![CDATA[org.openqa.selenium.SessionNotCreatedException: Could not start a new session. Possible causes are invalid address of the remote server or browser start-up failure.
Build info: version: '4.0.0-beta-4', revision: '29f46d02dd'
System info: host: 'Rishis-MacBook-Pro.local', ip: '2405:204:100d:1821:98f3:584f:2bf5:4479%en0', os.name: 'Mac OS X', os.arch: 'x86_64', os.version: '10.14.6', java.version: '1.8.0_221'
Driver info: org.openqa.selenium.remote.RemoteWebDriver
Command: [null, newSession {capabilities=[Capabilities {browserName: chrome}], desiredCapabilities=Capabilities {browserName: chrome}}]
Capabilities {}
at org.openqa.selenium.remote.RemoteWebDriver.execute(RemoteWebDriver.java:630)
at org.openqa.selenium.remote.RemoteWebDriver.startSession(RemoteWebDriver.java:244)
at org.openqa.selenium.remote.RemoteWebDriver.<init>(RemoteWebDriver.java:165)
at org.openqa.selenium.remote.RemoteWebDriver.<init>(RemoteWebDriver.java:143)
at driver.DriverManager.getStandaloneHubNodeServerDriver(DriverManager.java:88)
at driver.DriverManager.setDriver(DriverManager.java:124)
at driver.DriverManager.getDriver(DriverManager.java:98)
at smoketests.LoginTests.forgotPasswordTest(LoginTests.java:24)
at java.util.concurrent.FutureTask.run(FutureTask.java:266)
at java.util.concurrent.Executors$RunnableAdapter.call(Executors.java:511)
at java.util.concurrent.FutureTask.run(FutureTask.java:266)
at java.util.concurrent.ThreadPoolExecutor.runWorker(ThreadPoolExecutor.java:1149)
at java.util.concurrent.ThreadPoolExecutor$Worker.run(ThreadPoolExecutor.java:624)
at java.lang.Thread.run(Thread.java:748)
Caused by: java.io.UncheckedIOException: java.io.IOException: Stream closed
at org.openqa.selenium.remote.http.netty.NettyHttpHandler.makeCall(NettyHttpHandler.java:79)
at org.openqa.selenium.remote.http.AddSeleniumUserAgent.lambda$apply$0(AddSeleniumUserAgent.java:42)
at org.openqa.selenium.remote.http.Filter.lambda$andFinally$1(Filter.java:56)
at org.openqa.selenium.remote.http.netty.NettyHttpHandler.execute(NettyHttpHandler.java:51)
at org.openqa.selenium.remote.http.AddSeleniumUserAgent.lambda$apply$0(AddSeleniumUserAgent.java:42)
at org.openqa.selenium.remote.http.Filter.lambda$andFinally$1(Filter.java:56)
at org.openqa.selenium.remote.http.netty.NettyClient.execute(NettyClient.java:105)
at org.openqa.selenium.remote.tracing.TracedHttpClient.execute(TracedHttpClient.java:55)
at org.openqa.selenium.remote.ProtocolHandshake.createSession(ProtocolHandshake.java:102)
at org.openqa.selenium.remote.ProtocolHandshake.createSession(ProtocolHandshake.java:84)
at org.openqa.selenium.remote.ProtocolHandshake.createSession(ProtocolHandshake.java:62)
at org.openqa.selenium.remote.HttpCommandExecutor.execute(HttpCommandExecutor.java:156)
at org.openqa.selenium.remote.TracedCommandExecutor.execute(TracedCommandExecutor.java:39)
at org.openqa.selenium.remote.RemoteWebDriver.execute(RemoteWebDriver.java:612)
... 22 more
Caused by: java.io.IOException: Stream closed
at java.io.BufferedInputStream.getBufIfOpen(BufferedInputStream.java:170)
at java.io.BufferedInputStream.reset(BufferedInputStream.java:446)
at org.asynchttpclient.netty.request.body.NettyInputStreamBody.write(NettyInputStreamBody.java:61)
at org.asynchttpclient.netty.request.NettyRequestSender.writeRequest(NettyRequestSender.java:433)
at org.asynchttpclient.netty.channel.NettyConnectListener.writeRequest(NettyConnectListener.java:80)
at org.asynchttpclient.netty.channel.NettyConnectListener.onSuccess(NettyConnectListener.java:156)
at org.asynchttpclient.netty.channel.NettyChannelConnector$1.onSuccess(NettyChannelConnector.java:92)
at org.asynchttpclient.netty.SimpleChannelFutureListener.operationComplete(SimpleChannelFutureListener.java:26)
at org.asynchttpclient.netty.SimpleChannelFutureListener.operationComplete(SimpleChannelFutureListener.java:20)
at io.netty.util.concurrent.DefaultPromise.notifyListener0(DefaultPromise.java:578)
at io.netty.util.concurrent.DefaultPromise.notifyListeners0(DefaultPromise.java:571)
at io.netty.util.concurrent.DefaultPromise.notifyListenersNow(DefaultPromise.java:550)
at io.netty.util.concurrent.DefaultPromise.notifyListeners(DefaultPromise.java:491)
at io.netty.util.concurrent.DefaultPromise.setValue0(DefaultPromise.java:616)
at io.netty.util.concurrent.DefaultPromise.setSuccess0(DefaultPromise.java:605)
at io.netty.util.concurrent.DefaultPromise.trySuccess(DefaultPromise.java:104)
at io.netty.channel.DefaultChannelPromise.trySuccess(DefaultChannelPromise.java:84)
at io.netty.channel.nio.AbstractNioChannel$AbstractNioUnsafe.fulfillConnectPromise(AbstractNioChannel.java:300)
at io.netty.channel.nio.AbstractNioChannel$AbstractNioUnsafe.finishConnect(AbstractNioChannel.java:335)
at io.netty.channel.nio.NioEventLoop.processSelectedKey(NioEventLoop.java:707)
at io.netty.channel.nio.NioEventLoop.processSelectedKeysOptimized(NioEventLoop.java:655)
at io.netty.channel.nio.NioEventLoop.processSelectedKeys(NioEventLoop.java:581)
at io.netty.channel.nio.NioEventLoop.run(NioEventLoop.java:493)
at io.netty.util.concurrent.SingleThreadEventExecutor$4.run(SingleThreadEventExecutor.java:989)
at io.netty.util.internal.ThreadExecutorMap$2.run(ThreadExecutorMap.java:74)
at io.netty.util.concurrent.FastThreadLocalRunnable.run(FastThreadLocalRunnable.java:30)
... 1 more
... Removed 9 stack frames]]>
    </failure>
  </testcase> <!-- forgotPasswordTest -->
  <testcase name="@AfterSuite tearDown" time="0.0" classname="driver.DriverManager">
    <ignored/>
  </testcase> <!-- @AfterSuite tearDown -->
  <testcase name="@BeforeSuite initServer" time="0.0" classname="driver.DriverManager">
    <ignored/>
  </testcase> <!-- @BeforeSuite initServer -->
</testsuite> <!-- Test -->
